  Console.cpp
C:\Users\user\source\repos\personalProject_gamep\GAMEPROGRAMMING\personalProject_gamep\Console.cpp(13,16): warning C4838: 'int'에서 'SHORT'(으)로의 변환에는 축소 변환이 필요합니다.
C:\Users\user\source\repos\personalProject_gamep\GAMEPROGRAMMING\personalProject_gamep\Console.cpp(13,18): warning C4838: 'int'에서 'SHORT'(으)로의 변환에는 축소 변환이 필요합니다.
C:\Users\user\source\repos\personalProject_gamep\GAMEPROGRAMMING\personalProject_gamep\Console.cpp(25,18): warning C4838: 'int'에서 'SHORT'(으)로의 변환에는 축소 변환이 필요합니다.
C:\Users\user\source\repos\personalProject_gamep\GAMEPROGRAMMING\personalProject_gamep\Console.cpp(25,22): warning C4838: 'int'에서 'SHORT'(으)로의 변환에는 축소 변환이 필요합니다.
  EndScene.cpp
  GameLogic.cpp
C:\Users\user\source\repos\personalProject_gamep\GAMEPROGRAMMING\personalProject_gamep\GameLogic.cpp(64,16): warning C4305: '+=': 'double'에서 'float'(으)로 잘립니다.
C:\Users\user\source\repos\personalProject_gamep\GAMEPROGRAMMING\personalProject_gamep\GameLogic.cpp(101,13): warning C4244: '인수': 'time_t'에서 'unsigned int'(으)로 변환하면서 데이터가 손실될 수 있습니다.
C:\Users\user\source\repos\personalProject_gamep\GAMEPROGRAMMING\personalProject_gamep\GameLogic.cpp(208,12): warning C4244: '인수': 'time_t'에서 'unsigned int'(으)로 변환하면서 데이터가 손실될 수 있습니다.
C:\Users\user\source\repos\personalProject_gamep\GAMEPROGRAMMING\personalProject_gamep\GameLogic.cpp(227,14): warning C4244: '-=': 'float'에서 'int'(으)로 변환하면서 데이터가 손실될 수 있습니다.
C:\Users\user\source\repos\personalProject_gamep\GAMEPROGRAMMING\personalProject_gamep\GameLogic.cpp(246,12): warning C4244: '인수': 'time_t'에서 'unsigned int'(으)로 변환하면서 데이터가 손실될 수 있습니다.
C:\Users\user\source\repos\personalProject_gamep\GAMEPROGRAMMING\personalProject_gamep\GameLogic.cpp(265,14): warning C4244: '-=': 'float'에서 'int'(으)로 변환하면서 데이터가 손실될 수 있습니다.
  Main.cpp
  StartScene.cpp
  코드를 생성하고 있습니다.
  Previous IPDB not found, fall back to full compilation.
  All 67 functions were compiled because no usable IPDB/IOBJ from previous compilation was found.
  코드를 생성했습니다.
  personalProject_gamep.vcxproj -> C:\Users\user\source\repos\personalProject_gamep\GAMEPROGRAMMING\x64\Release\personalProject_gamep.exe
